<?xml version="1.0" encoding="UTF-8"?>
<testsuite name="com.songc.core.image.TiffImageTest" time="0.433" tests="6" errors="6" skipped="0" failures="0">
  <properties>
    <property name="java.runtime.name" value="Java(TM) SE Runtime Environment"/>
    <property name="sun.boot.library.path" value="/usr/local/jdk/jre/lib/amd64"/>
    <property name="java.vm.version" value="25.101-b13"/>
    <property name="java.vm.vendor" value="Oracle Corporation"/>
    <property name="maven.multiModuleProjectDirectory" value="/root/MyPlant0329"/>
    <property name="java.vendor.url" value="http://java.oracle.com/"/>
    <property name="path.separator" value=":"/>
    <property name="guice.disable.misplaced.annotation.check" value="true"/>
    <property name="java.vm.name" value="Java HotSpot(TM) 64-Bit Server VM"/>
    <property name="file.encoding.pkg" value="sun.io"/>
    <property name="user.country" value="US"/>
    <property name="sun.java.launcher" value="SUN_STANDARD"/>
    <property name="sun.os.patch.level" value="unknown"/>
    <property name="java.vm.specification.name" value="Java Virtual Machine Specification"/>
    <property name="user.dir" value="/root/MyPlant0329"/>
    <property name="java.runtime.version" value="1.8.0_101-b13"/>
    <property name="java.awt.graphicsenv" value="sun.awt.X11GraphicsEnvironment"/>
    <property name="java.endorsed.dirs" value="/usr/local/jdk/jre/lib/endorsed"/>
    <property name="os.arch" value="amd64"/>
    <property name="java.io.tmpdir" value="/tmp"/>
    <property name="line.separator" value="&#10;"/>
    <property name="java.vm.specification.vendor" value="Oracle Corporation"/>
    <property name="os.name" value="Linux"/>
    <property name="classworlds.conf" value="/root/Downloads/idea-IU-191.6183.87/plugins/maven/lib/maven3/bin/m2.conf"/>
    <property name="sun.jnu.encoding" value="UTF-8"/>
    <property name="java.library.path" value="/usr/java/packages/lib/amd64:/usr/lib64:/lib64:/lib:/usr/lib"/>
    <property name="java.specification.name" value="Java Platform API Specification"/>
    <property name="java.class.version" value="52.0"/>
    <property name="sun.management.compiler" value="HotSpot 64-Bit Tiered Compilers"/>
    <property name="os.version" value="4.4.0-142-generic"/>
    <property name="user.home" value="/root"/>
    <property name="user.timezone" value="Asia/Shanghai"/>
    <property name="java.awt.printerjob" value="sun.print.PSPrinterJob"/>
    <property name="file.encoding" value="UTF-8"/>
    <property name="java.specification.version" value="1.8"/>
    <property name="user.name" value="root"/>
    <property name="java.class.path" value="/root/Downloads/idea-IU-191.6183.87/plugins/maven/lib/maven3/boot/plexus-classworlds-2.5.2.jar:/root/Downloads/idea-IU-191.6183.87/lib/idea_rt.jar"/>
    <property name="java.vm.specification.version" value="1.8"/>
    <property name="sun.arch.data.model" value="64"/>
    <property name="java.home" value="/usr/local/jdk/jre"/>
    <property name="sun.java.command" value="org.codehaus.classworlds.Launcher -Didea.version2019.1 package"/>
    <property name="java.specification.vendor" value="Oracle Corporation"/>
    <property name="user.language" value="en"/>
    <property name="awt.toolkit" value="sun.awt.X11.XToolkit"/>
    <property name="java.vm.info" value="mixed mode"/>
    <property name="java.version" value="1.8.0_101"/>
    <property name="java.ext.dirs" value="/usr/local/jdk/jre/lib/ext:/usr/java/packages/lib/ext"/>
    <property name="securerandom.source" value="file:/dev/./urandom"/>
    <property name="sun.boot.class.path" value="/usr/local/jdk/jre/lib/resources.jar:/usr/local/jdk/jre/lib/rt.jar:/usr/local/jdk/jre/lib/sunrsasign.jar:/usr/local/jdk/jre/lib/jsse.jar:/usr/local/jdk/jre/lib/jce.jar:/usr/local/jdk/jre/lib/charsets.jar:/usr/local/jdk/jre/lib/jfr.jar:/usr/local/jdk/jre/classes"/>
    <property name="java.vendor" value="Oracle Corporation"/>
    <property name="maven.home" value="/root/Downloads/idea-IU-191.6183.87/plugins/maven/lib/maven3"/>
    <property name="file.separator" value="/"/>
    <property name="java.vendor.url.bug" value="http://bugreport.sun.com/bugreport/"/>
    <property name="idea.version2019.1" value="true"/>
    <property name="sun.cpu.endian" value="little"/>
    <property name="sun.io.unicode.encoding" value="UnicodeLittle"/>
    <property name="sun.cpu.isalist" value=""/>
  </properties>
  <testcase name="getBufferedImage" classname="com.songc.core.image.TiffImageTest" time="0.001">
    <error message="F:\Download\software\彩图\1011165442.tiff (No such file or directory)" type="java.io.FileNotFoundException"><![CDATA[java.io.FileNotFoundException: F:\Download\software\彩图\1011165442.tiff (No such file or directory)
	at java.io.FileInputStream.open0(Native Method)
	at java.io.FileInputStream.open(FileInputStream.java:195)
	at java.io.FileInputStream.<init>(FileInputStream.java:138)
	at com.songc.core.image.TiffImageTest.getBufferedImage(TiffImageTest.java:49)
]]></error>
  </testcase>
  <testcase name="getPng" classname="com.songc.core.image.TiffImageTest" time="0">
    <error message="F:\Download\software\彩图\1011165442.tiff (No such file or directory)" type="java.io.FileNotFoundException"><![CDATA[java.io.FileNotFoundException: F:\Download\software\彩图\1011165442.tiff (No such file or directory)
	at java.io.FileInputStream.open0(Native Method)
	at java.io.FileInputStream.open(FileInputStream.java:195)
	at java.io.FileInputStream.<init>(FileInputStream.java:138)
	at com.songc.core.image.TiffImageTest.getPng(TiffImageTest.java:83)
]]></error>
  </testcase>
  <testcase name="getGray" classname="com.songc.core.image.TiffImageTest" time="0.432">
    <error message="Can&apos;t read input file!" type="javax.imageio.IIOException">javax.imageio.IIOException: Can't read input file!
	at javax.imageio.ImageIO.read(ImageIO.java:1301)
	at com.songc.core.image.TiffImageTest.getGray(TiffImageTest.java:39)
</error>
  </testcase>
  <testcase name="test" classname="com.songc.core.image.TiffImageTest" time="0">
    <error message="Can&apos;t read input file!" type="javax.imageio.IIOException">javax.imageio.IIOException: Can't read input file!
	at javax.imageio.ImageIO.read(ImageIO.java:1301)
	at com.songc.core.image.TiffImageTest.test(TiffImageTest.java:25)
</error>
  </testcase>
  <testcase name="getAllRegionGrayAverage" classname="com.songc.core.image.TiffImageTest" time="0">
    <error message="F:\Download\software\彩图\1011165442.tiff (No such file or directory)" type="java.io.FileNotFoundException"><![CDATA[java.io.FileNotFoundException: F:\Download\software\彩图\1011165442.tiff (No such file or directory)
	at java.io.FileInputStream.open0(Native Method)
	at java.io.FileInputStream.open(FileInputStream.java:195)
	at java.io.FileInputStream.<init>(FileInputStream.java:138)
	at com.songc.core.image.TiffImageTest.getAllRegionGrayAverage(TiffImageTest.java:99)
]]></error>
  </testcase>
  <testcase name="getRegionGaryAveage" classname="com.songc.core.image.TiffImageTest" time="0">
    <error message="Can&apos;t read input file!" type="javax.imageio.IIOException">javax.imageio.IIOException: Can't read input file!
	at javax.imageio.ImageIO.read(ImageIO.java:1301)
	at com.songc.core.image.TiffImageTest.getRegionGaryAveage(TiffImageTest.java:64)
</error>
  </testcase>
</testsuite>