<?xml version="1.0" encoding="UTF-8"?>
<testsuite name="com.songc.service.imp.ImageAnalysisServiceImplTest" time="0.01" tests="2" errors="2" skipped="0" failures="0">
  <properties>
    <property name="java.runtime.name" value="Java(TM) SE Runtime Environment"/>
    <property name="sun.boot.library.path" value="/usr/local/jdk/jre/lib/amd64"/>
    <property name="java.vm.version" value="25.101-b13"/>
    <property name="java.vm.vendor" value="Oracle Corporation"/>
    <property name="maven.multiModuleProjectDirectory" value="/root/MyPlant0329"/>
    <property name="java.vendor.url" value="http://java.oracle.com/"/>
    <property name="path.separator" value=":"/>
    <property name="guice.disable.misplaced.annotation.check" value="true"/>
    <property name="java.vm.name" value="Java HotSpot(TM) 64-Bit Server VM"/>
    <property name="file.encoding.pkg" value="sun.io"/>
    <property name="user.country" value="US"/>
    <property name="sun.java.launcher" value="SUN_STANDARD"/>
    <property name="sun.os.patch.level" value="unknown"/>
    <property name="java.vm.specification.name" value="Java Virtual Machine Specification"/>
    <property name="user.dir" value="/root/MyPlant0329"/>
    <property name="java.runtime.version" value="1.8.0_101-b13"/>
    <property name="java.awt.graphicsenv" value="sun.awt.X11GraphicsEnvironment"/>
    <property name="java.endorsed.dirs" value="/usr/local/jdk/jre/lib/endorsed"/>
    <property name="os.arch" value="amd64"/>
    <property name="java.io.tmpdir" value="/tmp"/>
    <property name="line.separator" value="&#10;"/>
    <property name="java.vm.specification.vendor" value="Oracle Corporation"/>
    <property name="os.name" value="Linux"/>
    <property name="classworlds.conf" value="/root/Downloads/idea-IU-191.6183.87/plugins/maven/lib/maven3/bin/m2.conf"/>
    <property name="sun.jnu.encoding" value="UTF-8"/>
    <property name="java.library.path" value="/usr/java/packages/lib/amd64:/usr/lib64:/lib64:/lib:/usr/lib"/>
    <property name="java.specification.name" value="Java Platform API Specification"/>
    <property name="java.class.version" value="52.0"/>
    <property name="sun.management.compiler" value="HotSpot 64-Bit Tiered Compilers"/>
    <property name="os.version" value="4.4.0-142-generic"/>
    <property name="user.home" value="/root"/>
    <property name="user.timezone" value="Asia/Shanghai"/>
    <property name="java.awt.printerjob" value="sun.print.PSPrinterJob"/>
    <property name="file.encoding" value="UTF-8"/>
    <property name="java.specification.version" value="1.8"/>
    <property name="user.name" value="root"/>
    <property name="java.class.path" value="/root/Downloads/idea-IU-191.6183.87/plugins/maven/lib/maven3/boot/plexus-classworlds-2.5.2.jar:/root/Downloads/idea-IU-191.6183.87/lib/idea_rt.jar"/>
    <property name="java.vm.specification.version" value="1.8"/>
    <property name="sun.arch.data.model" value="64"/>
    <property name="java.home" value="/usr/local/jdk/jre"/>
    <property name="sun.java.command" value="org.codehaus.classworlds.Launcher -Didea.version2019.1 package"/>
    <property name="java.specification.vendor" value="Oracle Corporation"/>
    <property name="user.language" value="en"/>
    <property name="awt.toolkit" value="sun.awt.X11.XToolkit"/>
    <property name="java.vm.info" value="mixed mode"/>
    <property name="java.version" value="1.8.0_101"/>
    <property name="java.ext.dirs" value="/usr/local/jdk/jre/lib/ext:/usr/java/packages/lib/ext"/>
    <property name="securerandom.source" value="file:/dev/./urandom"/>
    <property name="sun.boot.class.path" value="/usr/local/jdk/jre/lib/resources.jar:/usr/local/jdk/jre/lib/rt.jar:/usr/local/jdk/jre/lib/sunrsasign.jar:/usr/local/jdk/jre/lib/jsse.jar:/usr/local/jdk/jre/lib/jce.jar:/usr/local/jdk/jre/lib/charsets.jar:/usr/local/jdk/jre/lib/jfr.jar:/usr/local/jdk/jre/classes"/>
    <property name="java.vendor" value="Oracle Corporation"/>
    <property name="maven.home" value="/root/Downloads/idea-IU-191.6183.87/plugins/maven/lib/maven3"/>
    <property name="file.separator" value="/"/>
    <property name="java.vendor.url.bug" value="http://bugreport.sun.com/bugreport/"/>
    <property name="idea.version2019.1" value="true"/>
    <property name="sun.cpu.endian" value="little"/>
    <property name="sun.io.unicode.encoding" value="UnicodeLittle"/>
    <property name="sun.cpu.isalist" value=""/>
  </properties>
  <testcase name="multiRegion" classname="com.songc.service.imp.ImageAnalysisServiceImplTest" time="0.008">
    <error type="java.lang.NullPointerException:"><![CDATA[java.lang.NullPointerException: null
	at java.util.Arrays.stream(Arrays.java:5004)
	at com.songc.service.imp.ImageAnalysisServiceImplTest.<init>(ImageAnalysisServiceImplTest.java:43)
]]></error>
    <system-out><![CDATA[2019-08-22 13:14:15.721  INFO 14335 --- [           main] .b.t.c.SpringBootTestContextBootstrapper : Neither @ContextConfiguration nor @ContextHierarchy found for test class [com.songc.service.imp.ImageAnalysisServiceImplTest], using SpringBootContextLoader
2019-08-22 13:14:15.722  INFO 14335 --- [           main] o.s.t.c.support.AbstractContextLoader    : Could not detect default resource locations for test class [com.songc.service.imp.ImageAnalysisServiceImplTest]: no resource found for suffixes {-context.xml, Context.groovy}.
2019-08-22 13:14:15.722  INFO 14335 --- [           main] t.c.s.AnnotationConfigContextLoaderUtils : Could not detect default configuration classes for test class [com.songc.service.imp.ImageAnalysisServiceImplTest]: ImageAnalysisServiceImplTest does not declare any static, non-private, non-final, nested classes annotated with @Configuration.
2019-08-22 13:14:15.726  INFO 14335 --- [           main] .b.t.c.SpringBootTestContextBootstrapper : Found @SpringBootConfiguration com.songc.DemoApplication for test class com.songc.service.imp.ImageAnalysisServiceImplTest
2019-08-22 13:14:15.728  INFO 14335 --- [           main] .b.t.c.SpringBootTestContextBootstrapper : Loaded default TestExecutionListener class names from location [META-INF/spring.factories]: [org.springframework.boot.test.mock.mockito.MockitoTestExecutionListener, org.springframework.boot.test.mock.mockito.ResetMocksTestExecutionListener, org.springframework.boot.test.autoconfigure.restdocs.RestDocsTestExecutionListener, org.springframework.boot.test.autoconfigure.web.client.MockRestServiceServerResetTestExecutionListener, org.springframework.boot.test.autoconfigure.web.servlet.MockMvcPrintOnlyOnFailureTestExecutionListener, org.springframework.boot.test.autoconfigure.web.servlet.WebDriverTestExecutionListener, org.springframework.test.context.web.ServletTestExecutionListener, org.springframework.test.context.support.DirtiesContextBeforeModesTestExecutionListener, org.springframework.test.context.support.DependencyInjectionTestExecutionListener, org.springframework.test.context.support.DirtiesContextTestExecutionListener, org.springframework.test.context.transaction.TransactionalTestExecutionListener, org.springframework.test.context.jdbc.SqlScriptsTestExecutionListener]
2019-08-22 13:14:15.730  INFO 14335 --- [           main] .b.t.c.SpringBootTestContextBootstrapper : Using TestExecutionListeners: [org.springframework.test.context.web.ServletTestExecutionListener@60783105, org.springframework.test.context.support.DirtiesContextBeforeModesTestExecutionListener@1292071f, org.springframework.boot.test.autoconfigure.SpringBootDependencyInjectionTestExecutionListener@35d5ac51, org.springframework.test.context.support.DirtiesContextTestExecutionListener@b606cb6, org.springframework.test.context.transaction.TransactionalTestExecutionListener@2a3194c6, org.springframework.test.context.jdbc.SqlScriptsTestExecutionListener@2819c460, org.springframework.boot.test.autoconfigure.restdocs.RestDocsTestExecutionListener@30364216, org.springframework.boot.test.autoconfigure.web.client.MockRestServiceServerResetTestExecutionListener@38bb9d7a, org.springframework.boot.test.autoconfigure.web.servlet.WebDriverTestExecutionListener@1e8ab90f, org.springframework.boot.test.mock.mockito.MockitoTestExecutionListener@78d6447a, org.springframework.boot.test.mock.mockito.ResetMocksTestExecutionListener@7a729f84, org.springframework.boot.test.autoconfigure.web.servlet.MockMvcPrintOnlyOnFailureTestExecutionListener@1e469dfd]
]]></system-out>
  </testcase>
  <testcase name="singleRegion" classname="com.songc.service.imp.ImageAnalysisServiceImplTest" time="0.002">
    <error type="java.lang.NullPointerException:"><![CDATA[java.lang.NullPointerException: null
	at java.util.Arrays.stream(Arrays.java:5004)
	at com.songc.service.imp.ImageAnalysisServiceImplTest.<init>(ImageAnalysisServiceImplTest.java:43)
]]></error>
  </testcase>
</testsuite>